<?xml version="1.0" encoding="UTF-8"?>
<!-- Generated by org.testng.reporters.JUnitXMLReporter -->
<testsuite ignored="2" hostname="VAGEESH-KAVITHA" failures="0" tests="1" name="Default test" time="301.95" errors="0" timestamp="2026-07-14T17:57:56 IST">
  <testcase classname="com.comcast.crm.orgTest1.CreateOrganizationTest" name="createOrganizationTest" time="268.877"/>
  <testcase classname="com.comcast.crm.orgTest1.CreateOrganizationTest" name="createOrganizationWithType" time="0.0">
    <ignored/>
  </testcase> <!-- createOrganizationWithType -->
  <testcase classname="com.comcast.crm.orgTest1.CreateOrganizationTest" name="createOrganizationWithPhoneNumber" time="0.0">
    <ignored/>
  </testcase> <!-- createOrganizationWithPhoneNumber -->
</testsuite> <!-- Default test -->
