<?xml version="1.0" encoding="UTF-8"?>
<!-- Generated by org.testng.reporters.JUnitReportReporter -->
<testsuite hostname="VAGEESH-KAVITHA" failures="0" tests="2" name="com.crm.comcastcontacttest.CreateContactTest" time="0.024" errors="0" timestamp="2026-07-09T17:17:50 IST" skipped="0">
  <testcase classname="com.crm.comcastcontacttest.CreateContactTest" name="createContact" time="0.019"/>
  <testcase classname="com.crm.comcastcontacttest.CreateContactTest" name="createContactWithSupportDate" time="0.005"/>
</testsuite> <!-- com.crm.comcastcontacttest.CreateContactTest -->
