<?xml version="1.0" encoding="UTF-8"?>
<!-- Generated by org.testng.reporters.JUnitReportReporter -->
<testsuite hostname="VAGEESH-KAVITHA" failures="0" tests="2" name="com.crm.comcastorgtest.CreateOrgTest" time="0.010" errors="0" timestamp="2026-07-09T17:17:50 IST" skipped="0">
  <testcase classname="com.crm.comcastorgtest.CreateOrgTest" name="createOrgTest" time="0.008"/>
  <testcase classname="com.crm.comcastorgtest.CreateOrgTest" name="createOrgWithIndustry" time="0.002"/>
</testsuite> <!-- com.crm.comcastorgtest.CreateOrgTest -->
