<?xml version="1.0" encoding="UTF-8"?>
<!-- Generated by org.testng.reporters.JUnitReportReporter -->
<testsuite hostname="VAGEESH-KAVITHA" failures="0" tests="3" name="practice.test.InvoiceTest" time="-1768474624.000" errors="1" timestamp="2026-01-15T16:26:51 IST" skipped="2">
  <testcase classname="practice.test.InvoiceTest" name="configBC" time="-1768474624.000">
    <error message="
Parameter &#039;BROWSER&#039; is required by BeforeClass on method configBC but has not been marked @Optional or defined
in C:\Users\HP\AppData\Local\Temp\testng-eclipse--1259785625\testng-customsuite.xml" type="org.testng.TestNGException">
      <![CDATA[org.testng.TestNGException: 
Parameter 'BROWSER' is required by BeforeClass on method configBC but has not been marked @Optional or defined
in C:\Users\HP\AppData\Local\Temp\testng-eclipse--1259785625\testng-customsuite.xml
at org.testng.internal.Parameters.createParams(Parameters.java:264)
at org.testng.internal.Parameters.createParametersForMethod(Parameters.java:352)
at org.testng.internal.Parameters.createParameters(Parameters.java:690)
at org.testng.internal.Parameters.createConfigurationParameters(Parameters.java:163)
at org.testng.internal.invokers.ConfigInvoker.invokeConfigurations(ConfigInvoker.java:313)
at org.testng.internal.invokers.TestMethodWorker.invokeBeforeClassMethods(TestMethodWorker.java:188)
at org.testng.internal.invokers.TestMethodWorker.run(TestMethodWorker.java:128)
at java.base/java.util.ArrayList.forEach(ArrayList.java:1596)
at org.testng.TestRunner.privateRun(TestRunner.java:741)
at org.testng.TestRunner.run(TestRunner.java:616)
at org.testng.SuiteRunner.runTest(SuiteRunner.java:421)
at org.testng.SuiteRunner.runSequentially(SuiteRunner.java:413)
at org.testng.SuiteRunner.privateRun(SuiteRunner.java:373)
at org.testng.SuiteRunner.run(SuiteRunner.java:312)
at org.testng.SuiteRunnerWorker.runSuite(SuiteRunnerWorker.java:52)
at org.testng.SuiteRunnerWorker.run(SuiteRunnerWorker.java:95)
at org.testng.TestNG.runSuitesSequentially(TestNG.java:1274)
at org.testng.TestNG.runSuitesLocally(TestNG.java:1208)
at org.testng.TestNG.runSuites(TestNG.java:1112)
at org.testng.TestNG.run(TestNG.java:1079)
at org.testng.remote.AbstractRemoteTestNG.run(AbstractRemoteTestNG.java:115)
at org.testng.remote.RemoteTestNG.initAndRun(RemoteTestNG.java:293)
at org.testng.remote.RemoteTestNG.main(RemoteTestNG.java:91)
]]>
    </error>
  </testcase> <!-- configBC -->
  <testcase classname="practice.test.InvoiceTest" name="createInvoiceWithContactTest" time="0.000">
    <skipped/>
  </testcase> <!-- createInvoiceWithContactTest -->
  <testcase classname="practice.test.InvoiceTest" name="createInvoiceTest" time="0.000">
    <skipped/>
  </testcase> <!-- createInvoiceTest -->
</testsuite> <!-- practice.test.InvoiceTest -->
