<?xml version="1.0" encoding="UTF-8"?>
<!-- Generated by org.testng.reporters.JUnitXMLReporter -->
<testsuite ignored="4" hostname="VAGEESH-KAVITHA" failures="0" tests="4" name="regressionTest" time="156.949" errors="0" timestamp="2026-07-10T11:13:04 IST">
  <testcase classname="com.comcast.crm.contacttest1.CreateContactTest" name="createContactWithOrgTest" time="44.538"/>
  <testcase classname="com.comcast.crm.contacttest1.CreateContactTest" name="createContactWithSupportDateTest" time="22.012"/>
  <testcase classname="com.comcast.crm.orgTest1.CreateOrganizationTest" name="createOrganizationWithPhoneNumber" time="23.407"/>
  <testcase classname="com.comcast.crm.orgTest1.CreateOrganizationTest" name="createOrganizationWithType" time="22.204"/>
  <testcase classname="com.comcast.crm.contacttest1.CreateContactTest" name="createContactTest" time="0.0">
    <ignored/>
  </testcase> <!-- createContactTest -->
  <testcase classname="com.comcast.crm.orgTest1.CreateOrganizationTest" name="createOrganizationTest" time="0.0">
    <ignored/>
  </testcase> <!-- createOrganizationTest -->
  <testcase classname="com.crm.generic.basetest.BaseClass" name="@AfterSuite configAS" time="0.0">
    <ignored/>
  </testcase> <!-- @AfterSuite configAS -->
  <testcase classname="com.crm.generic.basetest.BaseClass" name="@BeforeSuite configBS" time="0.0">
    <ignored/>
  </testcase> <!-- @BeforeSuite configBS -->
</testsuite> <!-- regressionTest -->
