<?xml version="1.0" encoding="UTF-8"?>
<!-- Generated by org.testng.reporters.JUnitXMLReporter -->
<testsuite ignored="0" hostname="VAGEESH-KAVITHA" failures="0" tests="3" name="Test-2" time="0.102" errors="0" timestamp="2026-01-06T15:02:07 IST">
  <testcase classname="com.comcast.crm.contacttest.CreateContactTest" name="createContactTest" time="0.001">
    <skipped/>
  </testcase> <!-- createContactTest -->
  <testcase classname="com.comcast.crm.contacttest.CreateContactTest" name="createContactWithOrgTest" time="0.001">
    <skipped/>
  </testcase> <!-- createContactWithOrgTest -->
  <testcase classname="com.comcast.crm.contacttest.CreateContactTest" name="createContactWithSupportDateTest" time="0.0">
    <skipped/>
  </testcase> <!-- createContactWithSupportDateTest -->
</testsuite> <!-- Test-2 -->
