<?xml version="1.0" encoding="UTF-8"?>
<!-- Generated by org.testng.reporters.JUnitXMLReporter -->
<testsuite ignored="6" hostname="VAGEESH-KAVITHA" failures="0" tests="2" name="Test" time="0.086" errors="0" timestamp="2026-01-06T14:54:59 IST">
  <testcase classname="com.comcast.crm.basetest.BaseClass" name="@BeforeClass configBC" time="-1.767691499895E9">
    <failure type="org.testng.TestNGException" message="
Parameter &amp;apos;BROWSER&amp;apos; is required by BeforeClass on method configBC but has not been marked @Optional or defined
in C:\Users\HP\eclipse-workspace\ComcastCRMGUIFrameworkk\suite_regionalRegressionTest.xml">
      <![CDATA[org.testng.TestNGException: 
Parameter 'BROWSER' is required by BeforeClass on method configBC but has not been marked @Optional or defined
in C:\Users\HP\eclipse-workspace\ComcastCRMGUIFrameworkk\suite_regionalRegressionTest.xml
at java.base/java.util.ArrayList.forEach(ArrayList.java:1596)
... Removed 22 stack frames]]>
    </failure>
  </testcase> <!-- @BeforeClass configBC -->
  <testcase classname="com.comcast.crm.basetest.BaseClass" name="@BeforeMethod configBM" time="0.0">
    <skipped/>
  </testcase> <!-- @BeforeMethod configBM -->
  <testcase classname="com.comcast.crm.basetest.BaseClass" name="@AfterMethod configAfterMethod" time="0.0">
    <skipped/>
  </testcase> <!-- @AfterMethod configAfterMethod -->
  <testcase classname="com.comcast.crm.basetest.BaseClass" name="@AfterClass configAfterClass" time="0.0">
    <skipped/>
  </testcase> <!-- @AfterClass configAfterClass -->
  <testcase classname="com.comcast.crm.basetest.BaseClass" name="@BeforeClass configBC" time="-1.767691499942E9">
    <failure type="org.testng.TestNGException" message="
Parameter &amp;apos;BROWSER&amp;apos; is required by BeforeClass on method configBC but has not been marked @Optional or defined
in C:\Users\HP\eclipse-workspace\ComcastCRMGUIFrameworkk\suite_regionalRegressionTest.xml">
      <![CDATA[org.testng.TestNGException: 
Parameter 'BROWSER' is required by BeforeClass on method configBC but has not been marked @Optional or defined
in C:\Users\HP\eclipse-workspace\ComcastCRMGUIFrameworkk\suite_regionalRegressionTest.xml
at java.base/java.util.ArrayList.forEach(ArrayList.java:1596)
... Removed 22 stack frames]]>
    </failure>
  </testcase> <!-- @BeforeClass configBC -->
  <testcase classname="com.comcast.crm.basetest.BaseClass" name="@BeforeMethod configBM" time="0.0">
    <skipped/>
  </testcase> <!-- @BeforeMethod configBM -->
  <testcase classname="com.comcast.crm.basetest.BaseClass" name="@AfterMethod configAfterMethod" time="0.0">
    <skipped/>
  </testcase> <!-- @AfterMethod configAfterMethod -->
  <testcase classname="com.comcast.crm.basetest.BaseClass" name="@AfterClass configAfterClass" time="0.0">
    <skipped/>
  </testcase> <!-- @AfterClass configAfterClass -->
  <testcase classname="com.comcast.crm.contacttest.CreateContactTest" name="createContactWithOrgTest" time="0.0">
    <skipped/>
  </testcase> <!-- createContactWithOrgTest -->
  <testcase classname="com.comcast.crm.orgtest.CreateOrganizationTest" name="createOrgTest" time="0.001">
    <skipped/>
  </testcase> <!-- createOrgTest -->
  <testcase classname="com.comcast.crm.contacttest.CreateContactTest" name="createContactWithSupportDateTest" time="0.0">
    <ignored/>
  </testcase> <!-- createContactWithSupportDateTest -->
  <testcase classname="com.comcast.crm.contacttest.CreateContactTest" name="createContactTest" time="0.0">
    <ignored/>
  </testcase> <!-- createContactTest -->
  <testcase classname="com.comcast.crm.orgtest.CreateOrganizationTest" name="createOrgWithIndustriesTest" time="0.0">
    <ignored/>
  </testcase> <!-- createOrgWithIndustriesTest -->
  <testcase classname="com.comcast.crm.basetest.BaseClass" name="@AfterSuite configAS" time="0.0">
    <ignored/>
  </testcase> <!-- @AfterSuite configAS -->
  <testcase classname="com.comcast.crm.orgtest.CreateOrganizationTest" name="createOrganizationWithPhoneNumberTest" time="0.0">
    <ignored/>
  </testcase> <!-- createOrganizationWithPhoneNumberTest -->
  <testcase classname="com.comcast.crm.basetest.BaseClass" name="@BeforeSuite configBS" time="0.0">
    <ignored/>
  </testcase> <!-- @BeforeSuite configBS -->
</testsuite> <!-- Test -->
