<?xml version="1.0" encoding="UTF-8"?>
<!-- Generated by org.testng.reporters.JUnitXMLReporter -->
<testsuite ignored="0" hostname="VAGEESH-KAVITHA" failures="0" tests="3" name="Test" time="77.392" errors="0" timestamp="2026-07-14T16:22:49 IST">
  <testcase classname="com.comcast.crm.orgTest1.CreateOrganizationTest" name="createOrganizationTest" time="18.644"/>
  <testcase classname="com.comcast.crm.orgTest1.CreateOrganizationTest" name="createOrganizationWithPhoneNumber" time="15.626"/>
  <testcase classname="com.comcast.crm.orgTest1.CreateOrganizationTest" name="createOrganizationWithType" time="17.354"/>
</testsuite> <!-- Test -->
