<?xml version="1.0" encoding="UTF-8"?>
<testng-results ignored="2" total="3" passed="1" failed="0" skipped="0">
  <reporter-output>
  </reporter-output>
  <suite started-at="2026-07-14T17:52:54 IST" name="Default suite" finished-at="2026-07-14T17:57:56 IST" duration-ms="301950">
    <groups>
      <group name="smokeTest">
        <method signature="CreateOrganizationTest.createOrganizationTest()[pri:0, instance:com.comcast.crm.orgTest1.CreateOrganizationTest@72c8e7b]" name="createOrganizationTest" class="com.comcast.crm.orgTest1.CreateOrganizationTest"/>
      </group> <!-- smokeTest -->
    </groups>
    <test started-at="2026-07-14T17:52:54 IST" name="Default test" finished-at="2026-07-14T17:57:56 IST" duration-ms="301950">
      <class name="com.comcast.crm.orgTest1.CreateOrganizationTest">
        <test-method is-config="true" signature="configBS()[pri:0, instance:com.comcast.crm.orgTest1.CreateOrganizationTest@72c8e7b]" started-at="2026-07-14T17:52:54 IST" name="configBS" finished-at="2026-07-14T17:52:54 IST" duration-ms="427" status="PASS">
          <reporter-output>
          </reporter-output>
        </test-method> <!-- configBS -->
        <test-method is-config="true" signature="configBC()[pri:0, instance:com.comcast.crm.orgTest1.CreateOrganizationTest@72c8e7b]" started-at="2026-07-14T17:52:54 IST" name="configBC" finished-at="2026-07-14T17:53:12 IST" duration-ms="17932" status="PASS">
          <reporter-output>
          </reporter-output>
        </test-method> <!-- configBC -->
        <test-method is-config="true" signature="configBM()[pri:0, instance:com.comcast.crm.orgTest1.CreateOrganizationTest@72c8e7b]" started-at="2026-07-14T17:53:12 IST" name="configBM" finished-at="2026-07-14T17:53:22 IST" duration-ms="9757" status="PASS">
          <reporter-output>
          </reporter-output>
        </test-method> <!-- configBM -->
        <test-method signature="createOrganizationTest()[pri:0, instance:com.comcast.crm.orgTest1.CreateOrganizationTest@72c8e7b]" started-at="2026-07-14T17:53:22 IST" name="createOrganizationTest" finished-at="2026-07-14T17:57:51 IST" duration-ms="268877" status="PASS">
          <reporter-output>
          </reporter-output>
        </test-method> <!-- createOrganizationTest -->
        <test-method is-config="true" signature="configAfterMethod()[pri:0, instance:com.comcast.crm.orgTest1.CreateOrganizationTest@72c8e7b]" started-at="2026-07-14T17:57:51 IST" name="configAfterMethod" finished-at="2026-07-14T17:57:55 IST" duration-ms="4513" status="PASS">
          <reporter-output>
          </reporter-output>
        </test-method> <!-- configAfterMethod -->
        <test-method is-config="true" signature="configAfterClass()[pri:0, instance:com.comcast.crm.orgTest1.CreateOrganizationTest@72c8e7b]" started-at="2026-07-14T17:57:55 IST" name="configAfterClass" finished-at="2026-07-14T17:57:56 IST" duration-ms="773" status="PASS">
          <reporter-output>
          </reporter-output>
        </test-method> <!-- configAfterClass -->
        <test-method is-config="true" signature="configAS()[pri:0, instance:com.comcast.crm.orgTest1.CreateOrganizationTest@72c8e7b]" started-at="2026-07-14T17:57:56 IST" name="configAS" finished-at="2026-07-14T17:57:56 IST" duration-ms="1" status="PASS">
          <reporter-output>
          </reporter-output>
        </test-method> <!-- configAS -->
      </class> <!-- com.comcast.crm.orgTest1.CreateOrganizationTest -->
    </test> <!-- Default test -->
  </suite> <!-- Default suite -->
</testng-results>
